<?xml version="1.0" encoding="UTF-8"?>
<!-- Generated by org.testng.reporters.JUnitReportReporter -->
<testsuite skipped="0" hostname="DESKTOP-B4DKAA3" name="stripe.Api.StripeCom" tests="6" failures="0" timestamp="2023-04-20T13:24:17 IST" time="7.991" errors="0">
  <testcase name="createCustomer" time="3.980" classname="stripe.Api.StripeCom"/>
  <system-out>
    <![CDATA[Unsuccefull creation of new customer]]>
  </system-out>
  <testcase name="retriveCustomer" time="0.943" classname="stripe.Api.StripeCom"/>
  <system-out>
    <![CDATA[Unsuccefull retrieval of new customer]]>
  </system-out>
  <testcase name="updateCustomer" time="0.987" classname="stripe.Api.StripeCom"/>
  <system-out>
    <![CDATA[Unsuccefull updated of new customer]]>
  </system-out>
  <testcase name="getAllCustomers" time="1.003" classname="stripe.Api.StripeCom"/>
  <system-out>
    <![CDATA[new customer found in existing customers list]]>
  </system-out>
  <testcase name="getSpecificCustomer" time="0.000" classname="stripe.Api.StripeCom"/>
  <system-out/>
  <testcase name="deleteCustomer" time="1.078" classname="stripe.Api.StripeCom"/>
  <system-out>
    <![CDATA[Successfull deletion of new customer]]>
  </system-out>
</testsuite> <!-- stripe.Api.StripeCom -->
